c:\users\spaceunicorn\documents\visual studio 2015\projects\final2\final2\debug\final2.pch
c:\users\spaceunicorn\documents\visual studio 2015\projects\final2\final2\debug\vc140.pdb
c:\users\spaceunicorn\documents\visual studio 2015\projects\final2\final2\debug\vc140.idb
c:\users\spaceunicorn\documents\visual studio 2015\projects\final2\final2\debug\stdafx.obj
c:\users\spaceunicorn\documents\visual studio 2015\projects\final2\final2\debug\controller.obj
c:\users\spaceunicorn\documents\visual studio 2015\projects\final2\final2\debug\eventengine.obj
c:\users\spaceunicorn\documents\visual studio 2015\projects\final2\final2\debug\main.obj
c:\users\spaceunicorn\documents\visual studio 2015\projects\final2\final2\debug\panel.obj
c:\users\spaceunicorn\documents\visual studio 2015\projects\final2\final2\debug\textbox.obj
c:\users\spaceunicorn\documents\visual studio 2015\projects\final2\final2\debug\simpleborderfactory.obj
c:\users\spaceunicorn\documents\visual studio 2015\projects\final2\debug\final2.pdb
c:\users\spaceunicorn\documents\visual studio 2015\projects\final2\final2\debug\final2.tlog\cl.command.1.tlog
c:\users\spaceunicorn\documents\visual studio 2015\projects\final2\final2\debug\final2.tlog\cl.read.1.tlog
c:\users\spaceunicorn\documents\visual studio 2015\projects\final2\final2\debug\final2.tlog\cl.write.1.tlog
c:\users\spaceunicorn\documents\visual studio 2015\projects\final2\final2\debug\final2.tlog\link-cvtres.read.1.tlog
c:\users\spaceunicorn\documents\visual studio 2015\projects\final2\final2\debug\final2.tlog\link-cvtres.write.1.tlog
c:\users\spaceunicorn\documents\visual studio 2015\projects\final2\final2\debug\final2.tlog\link-rc.read.1.tlog
c:\users\spaceunicorn\documents\visual studio 2015\projects\final2\final2\debug\final2.tlog\link-rc.write.1.tlog
c:\users\spaceunicorn\documents\visual studio 2015\projects\final2\final2\debug\final2.tlog\link.command.1.tlog
c:\users\spaceunicorn\documents\visual studio 2015\projects\final2\final2\debug\final2.tlog\link.read.1.tlog
c:\users\spaceunicorn\documents\visual studio 2015\projects\final2\final2\debug\final2.tlog\link.write.1.tlog
